#-----------------------------------------------------------
# Vivado v2025.2 (64-bit)
# SW Build 6299465 on Fri Nov 14 19:35:11 GMT 2025
# IP Build 6300035 on Fri Nov 14 10:48:45 MST 2025
# SharedData Build 6298862 on Thu Nov 13 04:50:51 MST 2025
# Start of session at: Mon Jul 13 12:42:10 2026
# Process ID         : 19164
# Current directory  : C:/Jason/SiliconCraft/Project/UART Complete/UART Complete.runs/synth_1
# Command line       : vivado.exe -log uart_wrapper.vds -product Vivado -mode batch -messageDb vivado.pb -notrace -source uart_wrapper.tcl
# Log file           : C:/Jason/SiliconCraft/Project/UART Complete/UART Complete.runs/synth_1/uart_wrapper.vds
# Journal file       : C:/Jason/SiliconCraft/Project/UART Complete/UART Complete.runs/synth_1\vivado.jou
# Running On         : JASON-G14
# Platform           : Windows Server 2016 or Windows 10
# Operating System   : 26200
# Processor Detail   : AMD Ryzen 9 8945HS w/ Radeon 780M Graphics
# CPU Frequency      : 3993 MHz
# CPU Physical cores : 8
# CPU Logical cores  : 16
# Host memory        : 33601 MB
# Swap memory        : 2147 MB
# Total Virtual      : 35749 MB
# Available Virtual  : 11424 MB
#-----------------------------------------------------------
source uart_wrapper.tcl -notrace
create_project: Time (s): cpu = 00:00:08 ; elapsed = 00:00:07 . Memory (MB): peak = 537.758 ; gain = 222.406
Command: synth_design -top uart_wrapper -part xc7a35tftg256-1
Starting synth_design
Attempting to get a license for feature 'Synthesis' and/or device 'xc7a35t'
INFO: [Common 17-349] Got license for feature 'Synthesis' and/or device 'xc7a35t'
INFO: [Synth 8-7079] Multithreading enabled for synth_design using a maximum of 2 processes.
INFO: [Synth 8-7078] Launching helper process for spawning children vivado processes
INFO: [Synth 8-7075] Helper process launched with PID 23468
---------------------------------------------------------------------------------
Starting Synthesize : Time (s): cpu = 00:00:05 ; elapsed = 00:00:06 . Memory (MB): peak = 1080.734 ; gain = 536.637
---------------------------------------------------------------------------------
CRITICAL WARNING: [Synth 8-9873] overwriting previous definition of module 'baud_rate_gen' [C:/Jason/SiliconCraft/Project/UART Complete/UART Complete.srcs/sources_1/new/baud_rate_gen.v:40]
INFO: [Synth 8-13127] previous definition of module 'baud_rate_gen' is here [C:/Jason/SiliconCraft/Project/UART Complete/UART Complete.srcs/sources_1/new/baud_rate_gen.v:40]
CRITICAL WARNING: [Synth 8-9873] overwriting previous definition of module 'baud_rate_gen' [C:/Jason/SiliconCraft/Project/UART Complete/UART Complete.srcs/sources_1/new/baud_rate_gen.v:40]
INFO: [Synth 8-13127] previous definition of module 'baud_rate_gen' is here [C:/Jason/SiliconCraft/Project/UART Complete/UART Complete.srcs/sources_1/new/baud_rate_gen.v:40]
CRITICAL WARNING: [Synth 8-9873] overwriting previous definition of module 'baud_rate_gen' [C:/Jason/SiliconCraft/Project/UART Complete/UART Complete.srcs/sources_1/new/baud_rate_gen.v:40]
INFO: [Synth 8-13127] previous definition of module 'baud_rate_gen' is here [C:/Jason/SiliconCraft/Project/UART Complete/UART Complete.srcs/sources_1/new/baud_rate_gen.v:40]
CRITICAL WARNING: [Synth 8-9873] overwriting previous definition of module 'uart_tx' [C:/Jason/SiliconCraft/Project/UART Complete/UART Complete.srcs/sources_1/new/uart_tx.v:106]
INFO: [Synth 8-13127] previous definition of module 'uart_tx' is here [C:/Jason/SiliconCraft/Project/UART Complete/UART Complete.srcs/sources_1/new/uart_tx.v:106]
CRITICAL WARNING: [Synth 8-9873] overwriting previous definition of module 'baud_rate_gen' [C:/Jason/SiliconCraft/Project/UART Complete/UART Complete.srcs/sources_1/new/baud_rate_gen.v:40]
INFO: [Synth 8-13127] previous definition of module 'baud_rate_gen' is here [C:/Jason/SiliconCraft/Project/UART Complete/UART Complete.srcs/sources_1/new/baud_rate_gen.v:40]
CRITICAL WARNING: [Synth 8-9873] overwriting previous definition of module 'uart_rx' [C:/Jason/SiliconCraft/Project/UART Complete/UART Complete.srcs/sources_1/new/uart_rx.v:142]
INFO: [Synth 8-13127] previous definition of module 'uart_rx' is here [C:/Jason/SiliconCraft/Project/UART Complete/UART Complete.srcs/sources_1/new/uart_rx.v:142]
INFO: [Synth 8-6157] synthesizing module 'uart_wrapper' [C:/Jason/SiliconCraft/Project/UART Complete/UART Complete.srcs/sources_1/new/uart_top.v:3]
INFO: [Synth 8-6157] synthesizing module 'uart_tx' [C:/Jason/SiliconCraft/Project/UART Complete/UART Complete.srcs/sources_1/new/uart_tx.v:2]
INFO: [Synth 8-6157] synthesizing module 'baud_rate_gen' [C:/Jason/SiliconCraft/Project/UART Complete/UART Complete.srcs/sources_1/new/baud_rate_gen.v:1]
INFO: [Synth 8-6155] done synthesizing module 'baud_rate_gen' (0#1) [C:/Jason/SiliconCraft/Project/UART Complete/UART Complete.srcs/sources_1/new/baud_rate_gen.v:1]
INFO: [Synth 8-226] default block is never used [C:/Jason/SiliconCraft/Project/UART Complete/UART Complete.srcs/sources_1/new/uart_tx.v:87]
INFO: [Synth 8-6155] done synthesizing module 'uart_tx' (0#1) [C:/Jason/SiliconCraft/Project/UART Complete/UART Complete.srcs/sources_1/new/uart_tx.v:2]
INFO: [Synth 8-6157] synthesizing module 'uart_rx' [C:/Jason/SiliconCraft/Project/UART Complete/UART Complete.srcs/sources_1/new/uart_rx.v:2]
INFO: [Synth 8-226] default block is never used [C:/Jason/SiliconCraft/Project/UART Complete/UART Complete.srcs/sources_1/new/uart_rx.v:67]
INFO: [Synth 8-6155] done synthesizing module 'uart_rx' (0#1) [C:/Jason/SiliconCraft/Project/UART Complete/UART Complete.srcs/sources_1/new/uart_rx.v:2]
INFO: [Synth 8-6155] done synthesizing module 'uart_wrapper' (0#1) [C:/Jason/SiliconCraft/Project/UART Complete/UART Complete.srcs/sources_1/new/uart_top.v:3]
---------------------------------------------------------------------------------
Finished Synthesize : Time (s): cpu = 00:00:07 ; elapsed = 00:00:08 . Memory (MB): peak = 1200.621 ; gain = 656.523
---------------------------------------------------------------------------------
---------------------------------------------------------------------------------
Finished Constraint Validation : Time (s): cpu = 00:00:08 ; elapsed = 00:00:09 . Memory (MB): peak = 1200.621 ; gain = 656.523
---------------------------------------------------------------------------------
---------------------------------------------------------------------------------
Start Loading Part and Timing Information
---------------------------------------------------------------------------------
Loading part: xc7a35tftg256-1
INFO: [Device 21-403] Loading part xc7a35tftg256-1
---------------------------------------------------------------------------------
Finished Loading Part and Timing Information : Time (s): cpu = 00:00:08 ; elapsed = 00:00:09 . Memory (MB): peak = 1200.621 ; gain = 656.523
---------------------------------------------------------------------------------
INFO: [Synth 8-802] inferred FSM for state register 'state_reg' in module 'uart_tx'
INFO: [Synth 8-802] inferred FSM for state register 'state_reg' in module 'uart_rx'
---------------------------------------------------------------------------------------------------
                   State |                     New Encoding |                Previous Encoding 
---------------------------------------------------------------------------------------------------
                    IDLE |                             0010 |                               00
                   START |                             1000 |                               01
                    DATA |                             0100 |                               10
                    STOP |                             0001 |                               11
---------------------------------------------------------------------------------------------------
INFO: [Synth 8-3354] encoded FSM with state register 'state_reg' using encoding 'one-hot' in module 'uart_tx'
---------------------------------------------------------------------------------------------------
                   State |                     New Encoding |                Previous Encoding 
---------------------------------------------------------------------------------------------------
                 iSTATE2 |                               00 |                               00
                  iSTATE |                               01 |                               01
                 iSTATE0 |                               10 |                               10
                 iSTATE1 |                               11 |                               11
---------------------------------------------------------------------------------------------------
INFO: [Synth 8-3354] encoded FSM with state register 'state_reg' using encoding 'sequential' in module 'uart_rx'
---------------------------------------------------------------------------------
Finished RTL Optimization Phase 2 : Time (s): cpu = 00:00:08 ; elapsed = 00:00:09 . Memory (MB): peak = 1200.621 ; gain = 656.523
---------------------------------------------------------------------------------
No constraint files found.
---------------------------------------------------------------------------------
Start RTL Component Statistics 
---------------------------------------------------------------------------------
Detailed RTL Component Info : 
+---Adders : 
	   2 Input    9 Bit       Adders := 2     
	   2 Input    4 Bit       Adders := 1     
	   2 Input    3 Bit       Adders := 2     
+---Registers : 
	                9 Bit    Registers := 2     
	                8 Bit    Registers := 3     
	                4 Bit    Registers := 1     
	                3 Bit    Registers := 2     
	                2 Bit    Registers := 1     
	                1 Bit    Registers := 3     
+---Muxes : 
	   2 Input    8 Bit        Muxes := 2     
	   4 Input    4 Bit        Muxes := 1     
	   2 Input    4 Bit        Muxes := 3     
	   4 Input    2 Bit        Muxes := 2     
	   3 Input    2 Bit        Muxes := 1     
	   2 Input    2 Bit        Muxes := 8     
	   2 Input    1 Bit        Muxes := 8     
	   4 Input    1 Bit        Muxes := 8     
---------------------------------------------------------------------------------
Finished RTL Component Statistics 
---------------------------------------------------------------------------------
---------------------------------------------------------------------------------
Start Part Resource Summary
---------------------------------------------------------------------------------
Part Resources:
DSPs: 90 (col length:60)
BRAMs: 100 (col length: RAMB18 60 RAMB36 30)
---------------------------------------------------------------------------------
Finished Part Resource Summary
---------------------------------------------------------------------------------
No constraint files found.
---------------------------------------------------------------------------------
Start Cross Boundary and Area Optimization
---------------------------------------------------------------------------------
---------------------------------------------------------------------------------
Finished Cross Boundary and Area Optimization : Time (s): cpu = 00:00:12 ; elapsed = 00:00:26 . Memory (MB): peak = 1399.363 ; gain = 855.266
---------------------------------------------------------------------------------
No constraint files found.
---------------------------------------------------------------------------------
Start Timing Optimization
---------------------------------------------------------------------------------
---------------------------------------------------------------------------------
Finished Timing Optimization : Time (s): cpu = 00:00:12 ; elapsed = 00:00:26 . Memory (MB): peak = 1399.363 ; gain = 855.266
---------------------------------------------------------------------------------
---------------------------------------------------------------------------------
Start Technology Mapping
---------------------------------------------------------------------------------
---------------------------------------------------------------------------------
Finished Technology Mapping : Time (s): cpu = 00:00:12 ; elapsed = 00:00:26 . Memory (MB): peak = 1399.363 ; gain = 855.266
---------------------------------------------------------------------------------
---------------------------------------------------------------------------------
Start IO Insertion
---------------------------------------------------------------------------------
---------------------------------------------------------------------------------
Start Flattening Before IO Insertion
---------------------------------------------------------------------------------
---------------------------------------------------------------------------------
Finished Flattening Before IO Insertion
---------------------------------------------------------------------------------
---------------------------------------------------------------------------------
Start Final Netlist Cleanup
---------------------------------------------------------------------------------
---------------------------------------------------------------------------------
Finished Final Netlist Cleanup
---------------------------------------------------------------------------------
---------------------------------------------------------------------------------
Finished IO Insertion : Time (s): cpu = 00:00:16 ; elapsed = 00:00:30 . Memory (MB): peak = 1629.883 ; gain = 1085.785
---------------------------------------------------------------------------------
---------------------------------------------------------------------------------
Start Renaming Generated Instances
---------------------------------------------------------------------------------
---------------------------------------------------------------------------------
Finished Renaming Generated Instances : Time (s): cpu = 00:00:16 ; elapsed = 00:00:30 . Memory (MB): peak = 1629.883 ; gain = 1085.785
---------------------------------------------------------------------------------
---------------------------------------------------------------------------------
Start Rebuilding User Hierarchy
---------------------------------------------------------------------------------
---------------------------------------------------------------------------------
Finished Rebuilding User Hierarchy : Time (s): cpu = 00:00:16 ; elapsed = 00:00:30 . Memory (MB): peak = 1629.883 ; gain = 1085.785
---------------------------------------------------------------------------------
---------------------------------------------------------------------------------
Start Renaming Generated Ports
---------------------------------------------------------------------------------
---------------------------------------------------------------------------------
Finished Renaming Generated Ports : Time (s): cpu = 00:00:16 ; elapsed = 00:00:30 . Memory (MB): peak = 1629.883 ; gain = 1085.785
---------------------------------------------------------------------------------
---------------------------------------------------------------------------------
Start Handling Custom Attributes
---------------------------------------------------------------------------------
---------------------------------------------------------------------------------
Finished Handling Custom Attributes : Time (s): cpu = 00:00:16 ; elapsed = 00:00:30 . Memory (MB): peak = 1629.883 ; gain = 1085.785
---------------------------------------------------------------------------------
---------------------------------------------------------------------------------
Start Renaming Generated Nets
---------------------------------------------------------------------------------
---------------------------------------------------------------------------------
Finished Renaming Generated Nets : Time (s): cpu = 00:00:16 ; elapsed = 00:00:30 . Memory (MB): peak = 1629.883 ; gain = 1085.785
---------------------------------------------------------------------------------
---------------------------------------------------------------------------------
Start Writing Synthesis Report
---------------------------------------------------------------------------------

Report BlackBoxes: 
+-+--------------+----------+
| |BlackBox name |Instances |
+-+--------------+----------+
+-+--------------+----------+

Report Cell Usage: 
+------+-------+------+
|      |Cell   |Count |
+------+-------+------+
|1     |BUFG   |     1|
|2     |CARRY4 |     4|
|3     |LUT1   |     3|
|4     |LUT2   |     3|
|5     |LUT3   |     9|
|6     |LUT4   |    19|
|7     |LUT5   |     7|
|8     |LUT6   |    28|
|9     |FDRE   |    63|
|10    |FDSE   |     3|
|11    |IBUF   |    11|
|12    |OBUF   |     9|
+------+-------+------+

Report Instance Areas: 
+------+---------+----------------+------+
|      |Instance |Module          |Cells |
+------+---------+----------------+------+
|1     |top      |                |   160|
|2     |  RX     |uart_rx         |    79|
|3     |    baud |baud_rate_gen_0 |    29|
|4     |  TX     |uart_tx         |    60|
|5     |    baud |baud_rate_gen   |    29|
+------+---------+----------------+------+
---------------------------------------------------------------------------------
Finished Writing Synthesis Report : Time (s): cpu = 00:00:16 ; elapsed = 00:00:30 . Memory (MB): peak = 1629.883 ; gain = 1085.785
---------------------------------------------------------------------------------
Synthesis finished with 0 errors, 6 critical warnings and 0 warnings.
Synthesis Optimization Runtime : Time (s): cpu = 00:00:16 ; elapsed = 00:00:30 . Memory (MB): peak = 1629.883 ; gain = 1085.785
Synthesis Optimization Complete : Time (s): cpu = 00:00:16 ; elapsed = 00:00:30 . Memory (MB): peak = 1629.883 ; gain = 1085.785
INFO: [Project 1-571] Translating synthesized netlist
Netlist sorting complete. Time (s): cpu = 00:00:00 ; elapsed = 00:00:00.001 . Memory (MB): peak = 1644.883 ; gain = 0.000
INFO: [Netlist 29-17] Analyzing 4 Unisim elements for replacement
INFO: [Netlist 29-28] Unisim Transformation completed in 0 CPU seconds
INFO: [Project 1-570] Preparing netlist for logic optimization
INFO: [Opt 31-138] Pushed 0 inverter(s) to 0 load pin(s).
Netlist sorting complete. Time (s): cpu = 00:00:00 ; elapsed = 00:00:00 . Memory (MB): peak = 1755.309 ; gain = 0.000
INFO: [Project 1-111] Unisim Transformation Summary:
No Unisim elements were transformed.

Synth Design complete | Checksum: db668486
INFO: [Common 17-83] Releasing license: Synthesis
32 Infos, 0 Warnings, 6 Critical Warnings and 0 Errors encountered.
synth_design completed successfully
synth_design: Time (s): cpu = 00:00:18 ; elapsed = 00:00:34 . Memory (MB): peak = 1755.309 ; gain = 1217.551
INFO: [runtcl-6] Synthesis results are not added to the cache due to CRITICAL_WARNING
Write ShapeDB Complete: Time (s): cpu = 00:00:00 ; elapsed = 00:00:00.001 . Memory (MB): peak = 1755.309 ; gain = 0.000
INFO: [Common 17-1381] The checkpoint 'C:/Jason/SiliconCraft/Project/UART Complete/UART Complete.runs/synth_1/uart_wrapper.dcp' has been generated.
INFO: [Vivado 12-24828] Executing command : report_utilization -file uart_wrapper_utilization_synth.rpt -pb uart_wrapper_utilization_synth.pb
INFO: [Common 17-206] Exiting Vivado at Mon Jul 13 12:42:59 2026...

